<?xml version="1.0" encoding="UTF-8"?>
<coverage generated="1578912052015" clover="3.2.0">
  <project timestamp="1578912052015" name="All files">
    <metrics statements="24" coveredstatements="12" conditionals="0" coveredconditionals="0" methods="5" coveredmethods="2" elements="29" coveredelements="14" complexity="0" loc="24" ncloc="24" packages="1" files="1" classes="1"/>
    <file name="ProductHooks.ts" path="/Users/yudhistiroagung/RectNativeProject/HooksPlayground/app/hooks/ProductHooks.ts">
      <metrics statements="24" coveredstatements="12" conditionals="0" coveredconditionals="0" methods="5" coveredmethods="2"/>
      <line num="16" count="1" type="stmt"/>
      <line num="17" count="4" type="stmt"/>
      <line num="18" count="4" type="stmt"/>
      <line num="20" count="4" type="stmt"/>
      <line num="21" count="1" type="stmt"/>
      <line num="22" count="1" type="stmt"/>
      <line num="23" count="1" type="stmt"/>
      <line num="24" count="1" type="stmt"/>
      <line num="27" count="4" type="stmt"/>
      <line num="28" count="0" type="stmt"/>
      <line num="29" count="0" type="stmt"/>
      <line num="30" count="0" type="stmt"/>
      <line num="33" count="4" type="stmt"/>
      <line num="34" count="0" type="stmt"/>
      <line num="35" count="0" type="stmt"/>
      <line num="36" count="0" type="stmt"/>
      <line num="38" count="0" type="stmt"/>
      <line num="39" count="0" type="stmt"/>
      <line num="42" count="4" type="stmt"/>
      <line num="43" count="0" type="stmt"/>
      <line num="44" count="0" type="stmt"/>
      <line num="45" count="0" type="stmt"/>
      <line num="47" count="0" type="stmt"/>
      <line num="50" count="4" type="stmt"/>
    </file>
  </project>
</coverage>
