{"/Users/yudhistiroagung/RectNativeProject/HooksPlayground/app/hooks/ProductHooks.ts": {"path":"/Users/yudhistiroagung/RectNativeProject/HooksPlayground/app/hooks/ProductHooks.ts","statementMap":{"0":{"start":{"line":16,"column":27},"end":{"line":58,"column":1}},"1":{"start":{"line":17,"column":34},"end":{"line":17,"column":57}},"2":{"start":{"line":18,"column":32},"end":{"line":18,"column":56}},"3":{"start":{"line":20,"column":19},"end":{"line":25,"column":3}},"4":{"start":{"line":21,"column":4},"end":{"line":21,"column":21}},"5":{"start":{"line":22,"column":27},"end":{"line":22,"column":57}},"6":{"start":{"line":23,"column":4},"end":{"line":23,"column":21}},"7":{"start":{"line":24,"column":4},"end":{"line":24,"column":22}},"8":{"start":{"line":27,"column":14},"end":{"line":31,"column":3}},"9":{"start":{"line":28,"column":4},"end":{"line":28,"column":21}},"10":{"start":{"line":29,"column":4},"end":{"line":29,"column":41}},"11":{"start":{"line":30,"column":4},"end":{"line":30,"column":15}},"12":{"start":{"line":33,"column":17},"end":{"line":40,"column":3}},"13":{"start":{"line":34,"column":4},"end":{"line":34,"column":21}},"14":{"start":{"line":35,"column":4},"end":{"line":37,"column":18}},"15":{"start":{"line":36,"column":6},"end":{"line":36,"column":46}},"16":{"start":{"line":38,"column":4},"end":{"line":38,"column":15}},"17":{"start":{"line":39,"column":4},"end":{"line":39,"column":22}},"18":{"start":{"line":42,"column":17},"end":{"line":48,"column":3}},"19":{"start":{"line":43,"column":4},"end":{"line":43,"column":21}},"20":{"start":{"line":44,"column":4},"end":{"line":46,"column":18}},"21":{"start":{"line":45,"column":6},"end":{"line":45,"column":41}},"22":{"start":{"line":47,"column":4},"end":{"line":47,"column":15}},"23":{"start":{"line":50,"column":2},"end":{"line":57,"column":4}}},"fnMap":{"0":{"name":"(anonymous_0)","decl":{"start":{"line":16,"column":27},"end":{"line":16,"column":28}},"loc":{"start":{"line":16,"column":51},"end":{"line":58,"column":1}},"line":16},"1":{"name":"(anonymous_1)","decl":{"start":{"line":20,"column":19},"end":{"line":20,"column":20}},"loc":{"start":{"line":20,"column":31},"end":{"line":25,"column":3}},"line":20},"2":{"name":"(anonymous_2)","decl":{"start":{"line":27,"column":14},"end":{"line":27,"column":15}},"loc":{"start":{"line":27,"column":54},"end":{"line":31,"column":3}},"line":27},"3":{"name":"(anonymous_3)","decl":{"start":{"line":33,"column":17},"end":{"line":33,"column":18}},"loc":{"start":{"line":33,"column":45},"end":{"line":40,"column":3}},"line":33},"4":{"name":"(anonymous_4)","decl":{"start":{"line":42,"column":17},"end":{"line":42,"column":18}},"loc":{"start":{"line":42,"column":39},"end":{"line":48,"column":3}},"line":42}},"branchMap":{},"s":{"0":1,"1":4,"2":4,"3":4,"4":1,"5":1,"6":1,"7":1,"8":4,"9":0,"10":0,"11":0,"12":4,"13":0,"14":0,"15":0,"16":0,"17":0,"18":4,"19":0,"20":0,"21":0,"22":0,"23":4},"f":{"0":4,"1":1,"2":0,"3":0,"4":0},"b":{},"_coverageSchema":"43e27e138ebf9cfc5966b082cf9a028302ed4184","hash":"a78f4557215eb8790090b1a8b8e7614fd8eb0c96"}
}
