TN:
SF:/Users/yudhistiroagung/RectNativeProject/HooksPlayground/app/hooks/ProductHooks.ts
FN:16,(anonymous_0)
FN:20,(anonymous_1)
FN:27,(anonymous_2)
FN:33,(anonymous_3)
FN:42,(anonymous_4)
FNF:5
FNH:2
FNDA:4,(anonymous_0)
FNDA:1,(anonymous_1)
FNDA:0,(anonymous_2)
FNDA:0,(anonymous_3)
FNDA:0,(anonymous_4)
DA:16,1
DA:17,4
DA:18,4
DA:20,4
DA:21,1
DA:22,1
DA:23,1
DA:24,1
DA:27,4
DA:28,0
DA:29,0
DA:30,0
DA:33,4
DA:34,0
DA:35,0
DA:36,0
DA:38,0
DA:39,0
DA:42,4
DA:43,0
DA:44,0
DA:45,0
DA:47,0
DA:50,4
LF:24
LH:12
BRF:0
BRH:0
end_of_record
