TN:
SF:/Users/yudhistiroagung/RectNativeProject/HooksPlayground/app/api/index.ts
FNF:0
FNH:0
LF:0
LH:0
BRF:0
BRH:0
end_of_record
TN:
SF:/Users/yudhistiroagung/RectNativeProject/HooksPlayground/app/api/ProductApi/IProductApi.ts
FNF:0
FNH:0
LF:0
LH:0
BRF:0
BRH:0
end_of_record
TN:
SF:/Users/yudhistiroagung/RectNativeProject/HooksPlayground/app/api/ProductApi/ProductApi.ts
FN:24,(anonymous_0)
FN:29,(anonymous_1)
FN:40,(anonymous_2)
FN:50,(anonymous_3)
FN:59,(anonymous_4)
FN:60,(anonymous_5)
FNF:6
FNH:1
FNDA:1,(anonymous_0)
FNDA:0,(anonymous_1)
FNDA:0,(anonymous_2)
FNDA:0,(anonymous_3)
FNDA:0,(anonymous_4)
FNDA:0,(anonymous_5)
DA:5,1
DA:22,1
DA:25,1
DA:26,1
DA:30,0
DA:31,0
DA:35,0
DA:36,0
DA:37,0
DA:41,0
DA:42,0
DA:43,0
DA:44,0
DA:46,0
DA:47,0
DA:51,0
DA:52,0
DA:53,0
DA:54,0
DA:56,0
DA:60,0
LF:21
LH:4
BRDA:43,0,0,0
BRDA:43,0,1,0
BRDA:53,1,0,0
BRDA:53,1,1,0
BRF:4
BRH:0
end_of_record
TN:
SF:/Users/yudhistiroagung/RectNativeProject/HooksPlayground/app/api/ProductApi/index.ts
FNF:0
FNH:0
LF:0
LH:0
BRF:0
BRH:0
end_of_record
TN:
SF:/Users/yudhistiroagung/RectNativeProject/HooksPlayground/app/hooks/UseProducts.ts
FN:16,(anonymous_0)
FN:20,(anonymous_1)
FN:27,(anonymous_2)
FN:33,(anonymous_3)
FN:42,(anonymous_4)
FNF:5
FNH:2
FNDA:4,(anonymous_0)
FNDA:1,(anonymous_1)
FNDA:0,(anonymous_2)
FNDA:0,(anonymous_3)
FNDA:0,(anonymous_4)
DA:16,1
DA:17,4
DA:18,4
DA:20,4
DA:21,1
DA:22,1
DA:23,1
DA:24,1
DA:27,4
DA:28,0
DA:29,0
DA:30,0
DA:33,4
DA:34,0
DA:35,0
DA:36,0
DA:38,0
DA:39,0
DA:42,4
DA:43,0
DA:44,0
DA:45,0
DA:47,0
DA:50,4
LF:24
LH:12
BRF:0
BRH:0
end_of_record
TN:
SF:/Users/yudhistiroagung/RectNativeProject/HooksPlayground/app/utils/PromiseUtils.ts
FN:1,delay
FN:2,(anonymous_1)
FN:3,(anonymous_2)
FNF:3
FNH:3
FNDA:1,delay
FNDA:1,(anonymous_1)
FNDA:1,(anonymous_2)
DA:2,1
DA:3,1
DA:4,1
LF:3
LH:3
BRDA:1,0,0,0
BRF:1
BRH:0
end_of_record
